bellhopcxx

bellhopcxx- arms_1
 frequency =  5.0000e+01 Hz
Dummy parameter NMedia = 1

    Spline approximation to SSP
    Attenuation units: dB/wavelength
    VACUUM

  Depth =   2.00e+02  m

Sound speed profile:
      z         alphaR      betaR     rho        alphaI     betaI
     (m)         (m/s)      (m/s)   (g/cm^3)      (m/s)     (m/s)
1.00e-01 1.47e+03 0.00e+00 1.00e+00 0.0000e+00 0.0000e+00
4.00e-01 1.47e+03 0.00e+00 1.00e+00 0.0000e+00 0.0000e+00
7.00e-01 1.47e+03 0.00e+00 1.00e+00 0.0000e+00 0.0000e+00
1.00e+00 1.47e+03 0.00e+00 1.00e+00 0.0000e+00 0.0000e+00
1.30e+00 1.47e+03 0.00e+00 1.00e+00 0.0000e+00 0.0000e+00
1.60e+00 1.47e+03 0.00e+00 1.00e+00 0.0000e+00 0.0000e+00
1.90e+00 1.47e+03 0.00e+00 1.00e+00 0.0000e+00 0.0000e+00
2.20e+00 1.47e+03 0.00e+00 1.00e+00 0.0000e+00 0.0000e+00
2.50e+00 1.47e+03 0.00e+00 1.00e+00 0.0000e+00 0.0000e+00
2.80e+00 1.47e+03 0.00e+00 1.00e+00 0.0000e+00 0.0000e+00
3.10e+00 1.47e+03 0.00e+00 1.00e+00 0.0000e+00 0.0000e+00
3.40e+00 1.47e+03 0.00e+00 1.00e+00 0.0000e+00 0.0000e+00
3.70e+00 1.47e+03 0.00e+00 1.00e+00 0.0000e+00 0.0000e+00
4.00e+00 1.47e+03 0.00e+00 1.00e+00 0.0000e+00 0.0000e+00
4.30e+00 1.47e+03 0.00e+00 1.00e+00 0.0000e+00 0.0000e+00
4.60e+00 1.47e+03 0.00e+00 1.00e+00 0.0000e+00 0.0000e+00
4.90e+00 1.47e+03 0.00e+00 1.00e+00 0.0000e+00 0.0000e+00
5.20e+00 1.47e+03 0.00e+00 1.00e+00 0.0000e+00 0.0000e+00
5.50e+00 1.47e+03 0.00e+00 1.00e+00 0.0000e+00 0.0000e+00
5.80e+00 1.47e+03 0.00e+00 1.00e+00 0.0000e+00 0.0000e+00
6.10e+00 1.47e+03 0.00e+00 1.00e+00 0.0000e+00 0.0000e+00
6.40e+00 1.47e+03 0.00e+00 1.00e+00 0.0000e+00 0.0000e+00
6.70e+00 1.47e+03 0.00e+00 1.00e+00 0.0000e+00 0.0000e+00
7.00e+00 1.47e+03 0.00e+00 1.00e+00 0.0000e+00 0.0000e+00
7.30e+00 1.47e+03 0.00e+00 1.00e+00 0.0000e+00 0.0000e+00
7.60e+00 1.47e+03 0.00e+00 1.00e+00 0.0000e+00 0.0000e+00
7.90e+00 1.47e+03 0.00e+00 1.00e+00 0.0000e+00 0.0000e+00
8.20e+00 1.47e+03 0.00e+00 1.00e+00 0.0000e+00 0.0000e+00
8.50e+00 1.47e+03 0.00e+00 1.00e+00 0.0000e+00 0.0000e+00
8.80e+00 1.47e+03 0.00e+00 1.00e+00 0.0000e+00 0.0000e+00
9.10e+00 1.47e+03 0.00e+00 1.00e+00 0.0000e+00 0.0000e+00
9.40e+00 1.47e+03 0.00e+00 1.00e+00 0.0000e+00 0.0000e+00
9.70e+00 1.47e+03 0.00e+00 1.00e+00 0.0000e+00 0.0000e+00
1.00e+01 1.47e+03 0.00e+00 1.00e+00 0.0000e+00 0.0000e+00
1.03e+01 1.47e+03 0.00e+00 1.00e+00 0.0000e+00 0.0000e+00
1.06e+01 1.47e+03 0.00e+00 1.00e+00 0.0000e+00 0.0000e+00
1.09e+01 1.47e+03 0.00e+00 1.00e+00 0.0000e+00 0.0000e+00
1.12e+01 1.47e+03 0.00e+00 1.00e+00 0.0000e+00 0.0000e+00
1.15e+01 1.47e+03 0.00e+00 1.00e+00 0.0000e+00 0.0000e+00
1.18e+01 1.47e+03 0.00e+00 1.00e+00 0.0000e+00 0.0000e+00
1.21e+01 1.47e+03 0.00e+00 1.00e+00 0.0000e+00 0.0000e+00
1.24e+01 1.47e+03 0.00e+00 1.00e+00 0.0000e+00 0.0000e+00
1.27e+01 1.47e+03 0.00e+00 1.00e+00 0.0000e+00 0.0000e+00
1.30e+01 1.47e+03 0.00e+00 1.00e+00 0.0000e+00 0.0000e+00
1.33e+01 1.47e+03 0.00e+00 1.00e+00 0.0000e+00 0.0000e+00
1.36e+01 1.47e+03 0.00e+00 1.00e+00 0.0000e+00 0.0000e+00
1.39e+01 1.47e+03 0.00e+00 1.00e+00 0.0000e+00 0.0000e+00
1.42e+01 1.47e+03 0.00e+00 1.00e+00 0.0000e+00 0.0000e+00
1.45e+01 1.47e+03 0.00e+00 1.00e+00 0.0000e+00 0.0000e+00
1.48e+01 1.47e+03 0.00e+00 1.00e+00 0.0000e+00 0.0000e+00
1.51e+01 1.47e+03 0.00e+00 1.00e+00 0.0000e+00 0.0000e+00
1.54e+01 1.47e+03 0.00e+00 1.00e+00 0.0000e+00 0.0000e+00
1.57e+01 1.47e+03 0.00e+00 1.00e+00 0.0000e+00 0.0000e+00
1.60e+01 1.47e+03 0.00e+00 1.00e+00 0.0000e+00 0.0000e+00
1.63e+01 1.47e+03 0.00e+00 1.00e+00 0.0000e+00 0.0000e+00
1.66e+01 1.47e+03 0.00e+00 1.00e+00 0.0000e+00 0.0000e+00
1.69e+01 1.47e+03 0.00e+00 1.00e+00 0.0000e+00 0.0000e+00
1.72e+01 1.47e+03 0.00e+00 1.00e+00 0.0000e+00 0.0000e+00
1.75e+01 1.47e+03 0.00e+00 1.00e+00 0.0000e+00 0.0000e+00
1.78e+01 1.48e+03 0.00e+00 1.00e+00 0.0000e+00 0.0000e+00
1.81e+01 1.48e+03 0.00e+00 1.00e+00 0.0000e+00 0.0000e+00
1.84e+01 1.48e+03 0.00e+00 1.00e+00 0.0000e+00 0.0000e+00
1.87e+01 1.48e+03 0.00e+00 1.00e+00 0.0000e+00 0.0000e+00
1.90e+01 1.48e+03 0.00e+00 1.00e+00 0.0000e+00 0.0000e+00
1.93e+01 1.48e+03 0.00e+00 1.00e+00 0.0000e+00 0.0000e+00
1.96e+01 1.48e+03 0.00e+00 1.00e+00 0.0000e+00 0.0000e+00
1.99e+01 1.48e+03 0.00e+00 1.00e+00 0.0000e+00 0.0000e+00
2.02e+01 1.48e+03 0.00e+00 1.00e+00 0.0000e+00 0.0000e+00
2.05e+01 1.48e+03 0.00e+00 1.00e+00 0.0000e+00 0.0000e+00
2.08e+01 1.48e+03 0.00e+00 1.00e+00 0.0000e+00 0.0000e+00
2.11e+01 1.48e+03 0.00e+00 1.00e+00 0.0000e+00 0.0000e+00
2.14e+01 1.48e+03 0.00e+00 1.00e+00 0.0000e+00 0.0000e+00
2.17e+01 1.48e+03 0.00e+00 1.00e+00 0.0000e+00 0.0000e+00
2.20e+01 1.48e+03 0.00e+00 1.00e+00 0.0000e+00 0.0000e+00
2.23e+01 1.48e+03 0.00e+00 1.00e+00 0.0000e+00 0.0000e+00
2.26e+01 1.48e+03 0.00e+00 1.00e+00 0.0000e+00 0.0000e+00
2.29e+01 1.48e+03 0.00e+00 1.00e+00 0.0000e+00 0.0000e+00
2.32e+01 1.48e+03 0.00e+00 1.00e+00 0.0000e+00 0.0000e+00
2.35e+01 1.48e+03 0.00e+00 1.00e+00 0.0000e+00 0.0000e+00
2.38e+01 1.48e+03 0.00e+00 1.00e+00 0.0000e+00 0.0000e+00
2.41e+01 1.48e+03 0.00e+00 1.00e+00 0.0000e+00 0.0000e+00
2.44e+01 1.48e+03 0.00e+00 1.00e+00 0.0000e+00 0.0000e+00
2.47e+01 1.48e+03 0.00e+00 1.00e+00 0.0000e+00 0.0000e+00
2.50e+01 1.48e+03 0.00e+00 1.00e+00 0.0000e+00 0.0000e+00
2.53e+01 1.48e+03 0.00e+00 1.00e+00 0.0000e+00 0.0000e+00
2.56e+01 1.48e+03 0.00e+00 1.00e+00 0.0000e+00 0.0000e+00
2.59e+01 1.48e+03 0.00e+00 1.00e+00 0.0000e+00 0.0000e+00
2.62e+01 1.48e+03 0.00e+00 1.00e+00 0.0000e+00 0.0000e+00
2.65e+01 1.48e+03 0.00e+00 1.00e+00 0.0000e+00 0.0000e+00
2.68e+01 1.48e+03 0.00e+00 1.00e+00 0.0000e+00 0.0000e+00
2.71e+01 1.48e+03 0.00e+00 1.00e+00 0.0000e+00 0.0000e+00
2.74e+01 1.48e+03 0.00e+00 1.00e+00 0.0000e+00 0.0000e+00
2.77e+01 1.48e+03 0.00e+00 1.00e+00 0.0000e+00 0.0000e+00
2.80e+01 1.48e+03 0.00e+00 1.00e+00 0.0000e+00 0.0000e+00
2.83e+01 1.48e+03 0.00e+00 1.00e+00 0.0000e+00 0.0000e+00
2.86e+01 1.48e+03 0.00e+00 1.00e+00 0.0000e+00 0.0000e+00
2.89e+01 1.48e+03 0.00e+00 1.00e+00 0.0000e+00 0.0000e+00
2.92e+01 1.48e+03 0.00e+00 1.00e+00 0.0000e+00 0.0000e+00
2.95e+01 1.48e+03 0.00e+00 1.00e+00 0.0000e+00 0.0000e+00
2.98e+01 1.48e+03 0.00e+00 1.00e+00 0.0000e+00 0.0000e+00
3.01e+01 1.48e+03 0.00e+00 1.00e+00 0.0000e+00 0.0000e+00
3.04e+01 1.48e+03 0.00e+00 1.00e+00 0.0000e+00 0.0000e+00
3.07e+01 1.48e+03 0.00e+00 1.00e+00 0.0000e+00 0.0000e+00
3.10e+01 1.48e+03 0.00e+00 1.00e+00 0.0000e+00 0.0000e+00
3.13e+01 1.48e+03 0.00e+00 1.00e+00 0.0000e+00 0.0000e+00
3.16e+01 1.48e+03 0.00e+00 1.00e+00 0.0000e+00 0.0000e+00
3.19e+01 1.48e+03 0.00e+00 1.00e+00 0.0000e+00 0.0000e+00
3.22e+01 1.48e+03 0.00e+00 1.00e+00 0.0000e+00 0.0000e+00
3.25e+01 1.48e+03 0.00e+00 1.00e+00 0.0000e+00 0.0000e+00
3.28e+01 1.48e+03 0.00e+00 1.00e+00 0.0000e+00 0.0000e+00
3.31e+01 1.48e+03 0.00e+00 1.00e+00 0.0000e+00 0.0000e+00
3.34e+01 1.48e+03 0.00e+00 1.00e+00 0.0000e+00 0.0000e+00
3.37e+01 1.48e+03 0.00e+00 1.00e+00 0.0000e+00 0.0000e+00
3.40e+01 1.48e+03 0.00e+00 1.00e+00 0.0000e+00 0.0000e+00
3.43e+01 1.48e+03 0.00e+00 1.00e+00 0.0000e+00 0.0000e+00
3.46e+01 1.48e+03 0.00e+00 1.00e+00 0.0000e+00 0.0000e+00
3.49e+01 1.48e+03 0.00e+00 1.00e+00 0.0000e+00 0.0000e+00
3.52e+01 1.48e+03 0.00e+00 1.00e+00 0.0000e+00 0.0000e+00
3.55e+01 1.48e+03 0.00e+00 1.00e+00 0.0000e+00 0.0000e+00
3.58e+01 1.48e+03 0.00e+00 1.00e+00 0.0000e+00 0.0000e+00
3.61e+01 1.48e+03 0.00e+00 1.00e+00 0.0000e+00 0.0000e+00
3.64e+01 1.48e+03 0.00e+00 1.00e+00 0.0000e+00 0.0000e+00
3.67e+01 1.48e+03 0.00e+00 1.00e+00 0.0000e+00 0.0000e+00
3.70e+01 1.48e+03 0.00e+00 1.00e+00 0.0000e+00 0.0000e+00
3.73e+01 1.48e+03 0.00e+00 1.00e+00 0.0000e+00 0.0000e+00
3.76e+01 1.48e+03 0.00e+00 1.00e+00 0.0000e+00 0.0000e+00
3.79e+01 1.48e+03 0.00e+00 1.00e+00 0.0000e+00 0.0000e+00
3.82e+01 1.48e+03 0.00e+00 1.00e+00 0.0000e+00 0.0000e+00
3.85e+01 1.48e+03 0.00e+00 1.00e+00 0.0000e+00 0.0000e+00
3.88e+01 1.48e+03 0.00e+00 1.00e+00 0.0000e+00 0.0000e+00
3.91e+01 1.48e+03 0.00e+00 1.00e+00 0.0000e+00 0.0000e+00
3.94e+01 1.48e+03 0.00e+00 1.00e+00 0.0000e+00 0.0000e+00
3.97e+01 1.48e+03 0.00e+00 1.00e+00 0.0000e+00 0.0000e+00
4.00e+01 1.48e+03 0.00e+00 1.00e+00 0.0000e+00 0.0000e+00
4.03e+01 1.48e+03 0.00e+00 1.00e+00 0.0000e+00 0.0000e+00
4.06e+01 1.48e+03 0.00e+00 1.00e+00 0.0000e+00 0.0000e+00
4.09e+01 1.48e+03 0.00e+00 1.00e+00 0.0000e+00 0.0000e+00
4.12e+01 1.48e+03 0.00e+00 1.00e+00 0.0000e+00 0.0000e+00
4.15e+01 1.48e+03 0.00e+00 1.00e+00 0.0000e+00 0.0000e+00
4.18e+01 1.48e+03 0.00e+00 1.00e+00 0.0000e+00 0.0000e+00
4.21e+01 1.48e+03 0.00e+00 1.00e+00 0.0000e+00 0.0000e+00
4.24e+01 1.48e+03 0.00e+00 1.00e+00 0.0000e+00 0.0000e+00
4.27e+01 1.48e+03 0.00e+00 1.00e+00 0.0000e+00 0.0000e+00
4.30e+01 1.48e+03 0.00e+00 1.00e+00 0.0000e+00 0.0000e+00
4.33e+01 1.48e+03 0.00e+00 1.00e+00 0.0000e+00 0.0000e+00
4.36e+01 1.48e+03 0.00e+00 1.00e+00 0.0000e+00 0.0000e+00
4.39e+01 1.48e+03 0.00e+00 1.00e+00 0.0000e+00 0.0000e+00
4.42e+01 1.48e+03 0.00e+00 1.00e+00 0.0000e+00 0.0000e+00
4.45e+01 1.48e+03 0.00e+00 1.00e+00 0.0000e+00 0.0000e+00
4.48e+01 1.48e+03 0.00e+00 1.00e+00 0.0000e+00 0.0000e+00
4.51e+01 1.48e+03 0.00e+00 1.00e+00 0.0000e+00 0.0000e+00
4.54e+01 1.48e+03 0.00e+00 1.00e+00 0.0000e+00 0.0000e+00
4.57e+01 1.48e+03 0.00e+00 1.00e+00 0.0000e+00 0.0000e+00
4.60e+01 1.48e+03 0.00e+00 1.00e+00 0.0000e+00 0.0000e+00
4.63e+01 1.48e+03 0.00e+00 1.00e+00 0.0000e+00 0.0000e+00
4.66e+01 1.48e+03 0.00e+00 1.00e+00 0.0000e+00 0.0000e+00
4.69e+01 1.48e+03 0.00e+00 1.00e+00 0.0000e+00 0.0000e+00
4.72e+01 1.48e+03 0.00e+00 1.00e+00 0.0000e+00 0.0000e+00
4.75e+01 1.48e+03 0.00e+00 1.00e+00 0.0000e+00 0.0000e+00
4.78e+01 1.48e+03 0.00e+00 1.00e+00 0.0000e+00 0.0000e+00
4.81e+01 1.48e+03 0.00e+00 1.00e+00 0.0000e+00 0.0000e+00
4.84e+01 1.48e+03 0.00e+00 1.00e+00 0.0000e+00 0.0000e+00
4.87e+01 1.48e+03 0.00e+00 1.00e+00 0.0000e+00 0.0000e+00
4.90e+01 1.48e+03 0.00e+00 1.00e+00 0.0000e+00 0.0000e+00
4.93e+01 1.48e+03 0.00e+00 1.00e+00 0.0000e+00 0.0000e+00
4.96e+01 1.48e+03 0.00e+00 1.00e+00 0.0000e+00 0.0000e+00
4.99e+01 1.48e+03 0.00e+00 1.00e+00 0.0000e+00 0.0000e+00
5.02e+01 1.48e+03 0.00e+00 1.00e+00 0.0000e+00 0.0000e+00
5.05e+01 1.48e+03 0.00e+00 1.00e+00 0.0000e+00 0.0000e+00
5.08e+01 1.48e+03 0.00e+00 1.00e+00 0.0000e+00 0.0000e+00
5.11e+01 1.48e+03 0.00e+00 1.00e+00 0.0000e+00 0.0000e+00
5.14e+01 1.48e+03 0.00e+00 1.00e+00 0.0000e+00 0.0000e+00
5.17e+01 1.48e+03 0.00e+00 1.00e+00 0.0000e+00 0.0000e+00
5.20e+01 1.48e+03 0.00e+00 1.00e+00 0.0000e+00 0.0000e+00
5.23e+01 1.48e+03 0.00e+00 1.00e+00 0.0000e+00 0.0000e+00
5.26e+01 1.48e+03 0.00e+00 1.00e+00 0.0000e+00 0.0000e+00
5.29e+01 1.48e+03 0.00e+00 1.00e+00 0.0000e+00 0.0000e+00
5.32e+01 1.48e+03 0.00e+00 1.00e+00 0.0000e+00 0.0000e+00
5.35e+01 1.48e+03 0.00e+00 1.00e+00 0.0000e+00 0.0000e+00
5.38e+01 1.48e+03 0.00e+00 1.00e+00 0.0000e+00 0.0000e+00
5.41e+01 1.48e+03 0.00e+00 1.00e+00 0.0000e+00 0.0000e+00
5.44e+01 1.48e+03 0.00e+00 1.00e+00 0.0000e+00 0.0000e+00
5.47e+01 1.48e+03 0.00e+00 1.00e+00 0.0000e+00 0.0000e+00
5.50e+01 1.48e+03 0.00e+00 1.00e+00 0.0000e+00 0.0000e+00
5.53e+01 1.48e+03 0.00e+00 1.00e+00 0.0000e+00 0.0000e+00
5.56e+01 1.48e+03 0.00e+00 1.00e+00 0.0000e+00 0.0000e+00
5.59e+01 1.48e+03 0.00e+00 1.00e+00 0.0000e+00 0.0000e+00
5.62e+01 1.48e+03 0.00e+00 1.00e+00 0.0000e+00 0.0000e+00
5.65e+01 1.48e+03 0.00e+00 1.00e+00 0.0000e+00 0.0000e+00
5.68e+01 1.48e+03 0.00e+00 1.00e+00 0.0000e+00 0.0000e+00
5.71e+01 1.48e+03 0.00e+00 1.00e+00 0.0000e+00 0.0000e+00
5.74e+01 1.48e+03 0.00e+00 1.00e+00 0.0000e+00 0.0000e+00
5.77e+01 1.48e+03 0.00e+00 1.00e+00 0.0000e+00 0.0000e+00
5.80e+01 1.48e+03 0.00e+00 1.00e+00 0.0000e+00 0.0000e+00
5.83e+01 1.48e+03 0.00e+00 1.00e+00 0.0000e+00 0.0000e+00
5.86e+01 1.48e+03 0.00e+00 1.00e+00 0.0000e+00 0.0000e+00
5.89e+01 1.48e+03 0.00e+00 1.00e+00 0.0000e+00 0.0000e+00
5.92e+01 1.48e+03 0.00e+00 1.00e+00 0.0000e+00 0.0000e+00
5.95e+01 1.48e+03 0.00e+00 1.00e+00 0.0000e+00 0.0000e+00
5.98e+01 1.48e+03 0.00e+00 1.00e+00 0.0000e+00 0.0000e+00
6.00e+01 1.48e+03 0.00e+00 1.00e+00 0.0000e+00 0.0000e+00
6.03e+01 1.48e+03 0.00e+00 1.00e+00 0.0000e+00 0.0000e+00
6.06e+01 1.48e+03 0.00e+00 1.00e+00 0.0000e+00 0.0000e+00
6.09e+01 1.48e+03 0.00e+00 1.00e+00 0.0000e+00 0.0000e+00
6.12e+01 1.48e+03 0.00e+00 1.00e+00 0.0000e+00 0.0000e+00
6.15e+01 1.48e+03 0.00e+00 1.00e+00 0.0000e+00 0.0000e+00
6.18e+01 1.48e+03 0.00e+00 1.00e+00 0.0000e+00 0.0000e+00
6.21e+01 1.48e+03 0.00e+00 1.00e+00 0.0000e+00 0.0000e+00
6.24e+01 1.48e+03 0.00e+00 1.00e+00 0.0000e+00 0.0000e+00
6.27e+01 1.48e+03 0.00e+00 1.00e+00 0.0000e+00 0.0000e+00
6.30e+01 1.48e+03 0.00e+00 1.00e+00 0.0000e+00 0.0000e+00
6.33e+01 1.49e+03 0.00e+00 1.00e+00 0.0000e+00 0.0000e+00
6.36e+01 1.49e+03 0.00e+00 1.00e+00 0.0000e+00 0.0000e+00
6.39e+01 1.49e+03 0.00e+00 1.00e+00 0.0000e+00 0.0000e+00
6.42e+01 1.49e+03 0.00e+00 1.00e+00 0.0000e+00 0.0000e+00
6.45e+01 1.49e+03 0.00e+00 1.00e+00 0.0000e+00 0.0000e+00
6.48e+01 1.49e+03 0.00e+00 1.00e+00 0.0000e+00 0.0000e+00
6.51e+01 1.49e+03 0.00e+00 1.00e+00 0.0000e+00 0.0000e+00
6.54e+01 1.49e+03 0.00e+00 1.00e+00 0.0000e+00 0.0000e+00
6.57e+01 1.49e+03 0.00e+00 1.00e+00 0.0000e+00 0.0000e+00
6.60e+01 1.49e+03 0.00e+00 1.00e+00 0.0000e+00 0.0000e+00
6.62e+01 1.49e+03 0.00e+00 1.00e+00 0.0000e+00 0.0000e+00
2.00e+02 1.50e+03 0.00e+00 1.00e+00 0.0000e+00 0.0000e+00

 RMS roughness =  0.000e+00
    Bathymetry file selected
    ACOUSTO-ELASTIC half-space
  1.88e+02   1.60e+03   0.00e+00 1.80e+00 0.0000e+00 0.0000e+00

__________________________________________________________________________

   Number of Source   z-coordinates, Sz = 1
   Source   z-coordinates, Sz (m)
     2.000000e+01 


__________________________________________________________________________

   Number of Receiver z-coordinates, Rz = 1
   Receiver z-coordinates, Rz (m)
     6.000000e+01 


__________________________________________________________________________

   Number of Receiver r-coordinates, Rr = 1
   Receiver r-coordinates, Rr (km)
     7.000000e+00 


Eigenray trace run
Geometric hat beams in Cartesian coordinates
Point source (cylindrical coordinates)
Rectilinear receiver grid: Receivers at Rr[:] x Rz[:]
__________________________________________________________________________

   Number of beams in elevation   = 10001
   Beam take-off angles (degrees)
 -2.500000e+01  -2.499500e+01  -2.499000e+01  -2.498500e+01  -2.498000e+01 
 -2.497500e+01  -2.497000e+01  -2.496500e+01  -2.496000e+01  -2.495500e+01 
...   2.500000e+01

__________________________________________________________________________


 Step length,       deltas =  1.0000e+01 m

Maximum ray depth, Box.y  =  1.9270e+02 m
Maximum ray range, Box.x  =  8.0000e+00km

Geometric hat beams
No beam shift in effect

Piecewise linear interpolation
Number of altimetry points = 2

 Range (km)  Depth (m)
__________________________________________________________________________

Using bottom-bathymetry file
Piecewise linear interpolation
Number of bathymetry points = 202
Short format (bathymetry only)

 Range (km)  Depth (m)
0.000e+00 1.757e+02
4.000e-02 1.761e+02
7.000e-02 1.768e+02
1.100e-01 1.773e+02
1.400e-01 1.778e+02
1.800e-01 1.783e+02
2.100e-01 1.788e+02
2.500e-01 1.793e+02
2.800e-01 1.797e+02
3.200e-01 1.801e+02
3.500e-01 1.805e+02
3.900e-01 1.809e+02
4.200e-01 1.814e+02
4.600e-01 1.819e+02
4.900e-01 1.824e+02
5.300e-01 1.827e+02
5.600e-01 1.828e+02
6.000e-01 1.832e+02
6.300e-01 1.835e+02
6.700e-01 1.839e+02
7.020e+00 1.720e+02
Number of source beam pattern points 2

 Angle (degrees)  Power (dB)
-1.800e+02 0.000e+00
1.800e+02 0.000e+00

